[2022/11/09 14:31:23][DEBUG](MJS_SystemPrintOut.py:220) JobƒNƒ‰ƒX“ÇŠJn log_out d:\PythonScript\RPAScript\RPAFLOWS\MJS_SystemPrintOut\MJS_SystemPrintOut.py
[2022/11/09 14:31:23][DEBUG](MJSOpen.py:111) Bat‹N“®: debug level log MainFlow d:\PythonScript\RPAScript\RPAFLOWS\MJS_SystemPrintOut\MJSOpen.py
[2022/11/09 14:31:23][DEBUG](MJSOpen.py:123) MJS‹N“®: debug level log MainFlow d:\PythonScript\RPAScript\RPAFLOWS\MJS_SystemPrintOut\MJSOpen.py
[2022/11/09 14:31:27][DEBUG](MJSOpen.py:139) Pass“ü—ÍŠJn: debug level log MainFlow d:\PythonScript\RPAScript\RPAFLOWS\MJS_SystemPrintOut\MJSOpen.py
[2022/11/09 14:31:39][DEBUG](MJS_SystemPrintOut.py:220) JobƒNƒ‰ƒX“ÇI—¹ log_out d:\PythonScript\RPAScript\RPAFLOWS\MJS_SystemPrintOut\MJS_SystemPrintOut.py
[2022/11/09 14:31:39][DEBUG](MJS_SystemPrintOut.py:758) 2022-11-09 14:31:39_MJSŒˆZ‘ˆóüŠJn <module> d:\PythonScript\RPAScript\RPAFLOWS\MJS_SystemPrintOut\MJS_SystemPrintOut.py
[2022/11/09 14:31:39][DEBUG](MJS_SystemPrintOut.py:220) _ExcelƒuƒbƒN“ÇŠJn log_out d:\PythonScript\RPAScript\RPAFLOWS\MJS_SystemPrintOut\MJS_SystemPrintOut.py
[2022/11/09 14:31:39][DEBUG](MJS_SystemPrintOut.py:220) _ExcelƒuƒbƒN“ÇI—¹ log_out d:\PythonScript\RPAScript\RPAFLOWS\MJS_SystemPrintOut\MJS_SystemPrintOut.py
[2022/11/09 14:31:39][DEBUG](MJS_SystemPrintOut.py:220) xlsx‚ğDataFrame‚É log_out d:\PythonScript\RPAScript\RPAFLOWS\MJS_SystemPrintOut\MJS_SystemPrintOut.py
[2022/11/09 14:31:39][DEBUG](MJS_SystemPrintOut.py:220) _ExcelƒV[ƒg“ÇŠJn log_out d:\PythonScript\RPAScript\RPAFLOWS\MJS_SystemPrintOut\MJS_SystemPrintOut.py
[2022/11/09 14:31:41][DEBUG](MJS_SystemPrintOut.py:220) _ExcelƒV[ƒg“ÇŠ®—¹ log_out d:\PythonScript\RPAScript\RPAFLOWS\MJS_SystemPrintOut\MJS_SystemPrintOut.py
[2022/11/09 14:31:41][DEBUG](MJS_SystemPrintOut.py:220) _ŠÖ—^æ”Ô†:20:Š”®‰ïĞ\u3000”n‰zİ”õˆêŠ‡XV—“::ˆêŠ‡Ì×¸Ş_ƒvƒŠƒ“ƒgƒƒCƒ“ˆ—ŠJn log_out d:\PythonScript\RPAScript\RPAFLOWS\MJS_SystemPrintOut\MJS_SystemPrintOut.py
[2022/11/09 14:31:41][DEBUG](MJS_SystemPrintOut.py:220) _ŠÖ—^æ”Ô†:54:‡‹“¡O¤‰ïˆêŠ‡XV—“::ˆêŠ‡Ì×¸Ş_ƒvƒŠƒ“ƒgƒƒCƒ“ˆ—ŠJn log_out d:\PythonScript\RPAScript\RPAFLOWS\MJS_SystemPrintOut\MJS_SystemPrintOut.py
[2022/11/09 14:31:41][DEBUG](MJS_SystemPrintOut.py:220) _ŠÖ—^æ”Ô†:57:‡‹ƒ‚ƒgƒVƒ‡ƒbƒv\u3000ƒCƒ‚ƒgˆêŠ‡XV—“::ˆêŠ‡Ì×¸Ş_ƒvƒŠƒ“ƒgƒƒCƒ“ˆ—ŠJn log_out d:\PythonScript\RPAScript\RPAFLOWS\MJS_SystemPrintOut\MJS_SystemPrintOut.py
[2022/11/09 14:31:41][DEBUG](MJS_SystemPrintOut.py:220) _ŠÖ—^æ”Ô†:61:‡ŠƒAƒCƒA[ƒ‹ƒ}[ƒPƒbƒgˆêŠ‡XV—“::ˆêŠ‡Ì×¸Ş_ƒvƒŠƒ“ƒgƒƒCƒ“ˆ—ŠJn log_out d:\PythonScript\RPAScript\RPAFLOWS\MJS_SystemPrintOut\MJS_SystemPrintOut.py
[2022/11/09 14:31:41][DEBUG](MJS_SystemPrintOut.py:220) _ŠÖ—^æ”Ô†:87:Š”®‰ïĞ\u3000ŠÛqZİˆêŠ‡XV—“::ˆêŠ‡Ì×¸Ş_ƒvƒŠƒ“ƒgƒƒCƒ“ˆ—ŠJn log_out d:\PythonScript\RPAScript\RPAFLOWS\MJS_SystemPrintOut\MJS_SystemPrintOut.py
[2022/11/09 14:31:41][DEBUG](MJS_SystemPrintOut.py:220) _ŠÖ—^æ”Ô†:121:—LŒÀ‰ïĞ\u3000Î“c“SHŠˆêŠ‡XV—“::ˆêŠ‡Ì×¸Ş_ƒvƒŠƒ“ƒgƒƒCƒ“ˆ—ŠJn log_out d:\PythonScript\RPAScript\RPAFLOWS\MJS_SystemPrintOut\MJS_SystemPrintOut.py
[2022/11/09 14:31:41][DEBUG](MJS_SystemPrintOut.py:220) _ŠÖ—^æ”Ô†:128:Š”®‰ïĞ\u3000‚Ğ‚È‚½ˆêŠ‡XV—“::ˆêŠ‡Ì×¸Ş_ƒvƒŠƒ“ƒgƒƒCƒ“ˆ—ŠJn log_out d:\PythonScript\RPAScript\RPAFLOWS\MJS_SystemPrintOut\MJS_SystemPrintOut.py
[2022/11/09 14:31:41][DEBUG](MJS_SystemPrintOut.py:220) _ŠÖ—^æ”Ô†:150:‡‹—z‹CˆêŠ‡XV—“::ˆêŠ‡Ì×¸Ş_ƒvƒŠƒ“ƒgƒƒCƒ“ˆ—ŠJn log_out d:\PythonScript\RPAScript\RPAFLOWS\MJS_SystemPrintOut\MJS_SystemPrintOut.py
[2022/11/09 14:31:41][DEBUG](MJS_SystemPrintOut.py:220) _ŠÖ—^æ”Ô†:155:Š”®‰ïĞ\u3000ƒLƒŠƒ^“dHˆêŠ‡XV—“::ˆêŠ‡Ì×¸Ş_ƒvƒŠƒ“ƒgƒƒCƒ“ˆ—ŠJn log_out d:\PythonScript\RPAScript\RPAFLOWS\MJS_SystemPrintOut\MJS_SystemPrintOut.py
[2022/11/09 14:31:41][DEBUG](MJS_SystemPrintOut.py:220) _ŠÖ—^æ”Ô†:161:‡ŠX‰º“dİH‹ÆˆêŠ‡XV—“::ˆêŠ‡Ì×¸Ş_ƒvƒŠƒ“ƒgƒƒCƒ“ˆ—ŠJn log_out d:\PythonScript\RPAScript\RPAFLOWS\MJS_SystemPrintOut\MJS_SystemPrintOut.py
[2022/11/09 14:31:41][DEBUG](MJS_SystemPrintOut.py:220) _ŠÖ—^æ”Ô†:210:Š”®‰ïĞ\u3000¼ì”VŠé‹ÆˆêŠ‡XV—“::ˆêŠ‡Ì×¸Ş_ƒvƒŠƒ“ƒgƒƒCƒ“ˆ—ŠJn log_out d:\PythonScript\RPAScript\RPAFLOWS\MJS_SystemPrintOut\MJS_SystemPrintOut.py
[2022/11/09 14:31:41][DEBUG](MJS_SystemPrintOut.py:220) _ŠÖ—^æ”Ô†:241:Š”®‰ïĞ\u3000²–ì¤–ˆêŠ‡XV—“::ˆêŠ‡Ì×¸Ş_ƒvƒŠƒ“ƒgƒƒCƒ“ˆ—ŠJn log_out d:\PythonScript\RPAScript\RPAFLOWS\MJS_SystemPrintOut\MJS_SystemPrintOut.py
[2022/11/09 14:31:41][DEBUG](MJS_SystemPrintOut.py:220) _ŠÖ—^æ”Ô†:254:‡‹’†ìƒvƒƒZƒXˆóüˆêŠ‡XV—“::ˆêŠ‡Ì×¸Ş_ƒvƒŠƒ“ƒgƒƒCƒ“ˆ—ŠJn log_out d:\PythonScript\RPAScript\RPAFLOWS\MJS_SystemPrintOut\MJS_SystemPrintOut.py
[2022/11/09 14:31:41][DEBUG](MJS_SystemPrintOut.py:220) _ŠÖ—^æ”Ô†:255:‡‹ƒAƒtƒRƒƒ“ƒeƒiƒ“ƒXˆêŠ‡XV—“::ˆêŠ‡Ì×¸Ş_ƒvƒŠƒ“ƒgƒƒCƒ“ˆ—ŠJn log_out d:\PythonScript\RPAScript\RPAFLOWS\MJS_SystemPrintOut\MJS_SystemPrintOut.py
[2022/11/09 14:31:41][DEBUG](MJS_SystemPrintOut.py:220) _ŠÖ—^æ”Ô†:266:‡Š‘º–{‹»‹ÆˆêŠ‡XV—“::ˆêŠ‡Ì×¸Ş_ƒvƒŠƒ“ƒgƒƒCƒ“ˆ—ŠJn log_out d:\PythonScript\RPAScript\RPAFLOWS\MJS_SystemPrintOut\MJS_SystemPrintOut.py
[2022/11/09 14:31:41][DEBUG](MJS_SystemPrintOut.py:220) _ŠÖ—^æ”Ô†:268:Š”®‰ïĞ\u3000L¼ˆêŠ‡XV—“::ˆêŠ‡Ì×¸Ş_ƒvƒŠƒ“ƒgƒƒCƒ“ˆ—ŠJn log_out d:\PythonScript\RPAScript\RPAFLOWS\MJS_SystemPrintOut\MJS_SystemPrintOut.py
[2022/11/09 14:31:41][DEBUG](MJS_SystemPrintOut.py:220) _ŠÖ—^æ”Ô†:278:H^\u3000Š”®‰ïĞˆêŠ‡XV—“::ˆêŠ‡Ì×¸Ş_ƒvƒŠƒ“ƒgƒƒCƒ“ˆ—ŠJn log_out d:\PythonScript\RPAScript\RPAFLOWS\MJS_SystemPrintOut\MJS_SystemPrintOut.py
[2022/11/09 14:31:41][DEBUG](MJS_SystemPrintOut.py:220) _ŠÖ—^æ”Ô†:303:‡“¯‰ïĞ\u3000‚o‚k‚t‚r‚PˆêŠ‡XV—“::ˆêŠ‡Ì×¸Ş_ƒvƒŠƒ“ƒgƒƒCƒ“ˆ—ŠJn log_out d:\PythonScript\RPAScript\RPAFLOWS\MJS_SystemPrintOut\MJS_SystemPrintOut.py
[2022/11/09 14:31:41][DEBUG](MJS_SystemPrintOut.py:220) _ŠÖ—^æ”Ô†:350:ƒrƒNƒgƒŠ[DƒT[ƒNƒ‹‡‹ˆêŠ‡XV—“::ˆêŠ‡Ì×¸Ş_ƒvƒŠƒ“ƒgƒƒCƒ“ˆ—ŠJn log_out d:\PythonScript\RPAScript\RPAFLOWS\MJS_SystemPrintOut\MJS_SystemPrintOut.py
[2022/11/09 14:31:41][DEBUG](MJS_SystemPrintOut.py:220) _ŠÖ—^æ”Ô†:354:Š”®‰ïĞ\u3000ƒAƒ“ˆêŠ‡XV—“::ˆêŠ‡Ì×¸Ş_ƒvƒŠƒ“ƒgƒƒCƒ“ˆ—ŠJn log_out d:\PythonScript\RPAScript\RPAFLOWS\MJS_SystemPrintOut\MJS_SystemPrintOut.py
[2022/11/09 14:31:41][DEBUG](MJS_SystemPrintOut.py:220) _ŠÖ—^æ”Ô†:355:Š”®‰ïĞ\u3000ƒvƒƒmƒeƒbƒNˆêŠ‡XV—“::ˆêŠ‡Ì×¸Ş_ƒvƒŠƒ“ƒgƒƒCƒ“ˆ—ŠJn log_out d:\PythonScript\RPAScript\RPAFLOWS\MJS_SystemPrintOut\MJS_SystemPrintOut.py
[2022/11/09 14:31:41][DEBUG](MJS_SystemPrintOut.py:220) _ŠÖ—^æ”Ô†:358:‡Š‘å¬‘ª—ÊˆêŠ‡XV—“::ˆêŠ‡Ì×¸Ş_ƒvƒŠƒ“ƒgƒƒCƒ“ˆ—ŠJn log_out d:\PythonScript\RPAScript\RPAFLOWS\MJS_SystemPrintOut\MJS_SystemPrintOut.py
[2022/11/09 14:31:41][DEBUG](MJS_SystemPrintOut.py:220) _ŠÖ—^æ”Ô†:369:ƒpƒƒgƒ‰ƒ“ƒXƒRƒ€‡‹ˆêŠ‡XV—“::ˆêŠ‡Ì×¸Ş_ƒvƒŠƒ“ƒgƒƒCƒ“ˆ—ŠJn log_out d:\PythonScript\RPAScript\RPAFLOWS\MJS_SystemPrintOut\MJS_SystemPrintOut.py
[2022/11/09 14:31:41][DEBUG](MJS_SystemPrintOut.py:220) _ŠÖ—^æ”Ô†:379:Š”®‰ïĞ\u3000’J‘º‰®ˆêŠ‡XV—“::ˆêŠ‡Ì×¸Ş_ƒvƒŠƒ“ƒgƒƒCƒ“ˆ—ŠJn log_out d:\PythonScript\RPAScript\RPAFLOWS\MJS_SystemPrintOut\MJS_SystemPrintOut.py
[2022/11/09 14:31:41][DEBUG](MJS_SystemPrintOut.py:220) _ŠÖ—^æ”Ô†:382:‡ŠMyceˆêŠ‡XV—“::ˆêŠ‡Ì×¸Ş_ƒvƒŠƒ“ƒgƒƒCƒ“ˆ—ŠJn log_out d:\PythonScript\RPAScript\RPAFLOWS\MJS_SystemPrintOut\MJS_SystemPrintOut.py
[2022/11/09 14:31:41][DEBUG](MJS_SystemPrintOut.py:220) _ŠÖ—^æ”Ô†:385:Š”®‰ïĞ\u3000ƒxƒCƒƒ“ˆêŠ‡XV—“::ˆêŠ‡Ì×¸Ş_ƒvƒŠƒ“ƒgƒƒCƒ“ˆ—ŠJn log_out d:\PythonScript\RPAScript\RPAFLOWS\MJS_SystemPrintOut\MJS_SystemPrintOut.py
[2022/11/09 14:31:41][DEBUG](MJS_SystemPrintOut.py:220) _ŠÖ—^æ”Ô†:391:Š”®‰ïĞ\u3000ƒ^ƒOƒ`ˆêŠ‡XV—“::ˆêŠ‡Ì×¸Ş_ƒvƒŠƒ“ƒgƒƒCƒ“ˆ—ŠJn log_out d:\PythonScript\RPAScript\RPAFLOWS\MJS_SystemPrintOut\MJS_SystemPrintOut.py
[2022/11/09 14:31:41][DEBUG](MJS_SystemPrintOut.py:220) _ŠÖ—^æ”Ô†:427:‡ŠƒtƒB[ƒ‹ƒhˆêŠ‡XV—“::ˆêŠ‡Ì×¸Ş_ƒvƒŠƒ“ƒgƒƒCƒ“ˆ—ŠJn log_out d:\PythonScript\RPAScript\RPAFLOWS\MJS_SystemPrintOut\MJS_SystemPrintOut.py
[2022/11/09 14:31:41][DEBUG](MJS_SystemPrintOut.py:220) _ŠÖ—^æ”Ô†:443:‡ŠƒvƒŒƒWƒƒ[EƒNƒŠƒGƒCƒgˆêŠ‡XV—“::ˆêŠ‡Ì×¸Ş_ƒvƒŠƒ“ƒgƒƒCƒ“ˆ—ŠJn log_out d:\PythonScript\RPAScript\RPAFLOWS\MJS_SystemPrintOut\MJS_SystemPrintOut.py
[2022/11/09 14:31:41][DEBUG](MJS_SystemPrintOut.py:220) _ŠÖ—^æ”Ô†:457:‡‹‚Í‚È‚Ü‚éŠÏŒõˆêŠ‡XV—“::ˆêŠ‡Ì×¸Ş_ƒvƒŠƒ“ƒgƒƒCƒ“ˆ—ŠJn log_out d:\PythonScript\RPAScript\RPAFLOWS\MJS_SystemPrintOut\MJS_SystemPrintOut.py
[2022/11/09 14:31:41][DEBUG](MJS_SystemPrintOut.py:220) _ŠÖ—^æ”Ô†:471:ƒAƒCƒ‰ƒ“ƒhƒXƒe[ƒVƒ‡ƒ“Š”®‰ïĞˆêŠ‡XV—“::ˆêŠ‡Ì×¸Ş_ƒvƒŠƒ“ƒgƒƒCƒ“ˆ—ŠJn log_out d:\PythonScript\RPAScript\RPAFLOWS\MJS_SystemPrintOut\MJS_SystemPrintOut.py
[2022/11/09 14:31:41][DEBUG](MJS_SystemPrintOut.py:220) _ŠÖ—^æ”Ô†:532:”b‰®´M‡‹ˆêŠ‡XV—“::ˆêŠ‡Ì×¸Ş_ƒvƒŠƒ“ƒgƒƒCƒ“ˆ—ŠJn log_out d:\PythonScript\RPAScript\RPAFLOWS\MJS_SystemPrintOut\MJS_SystemPrintOut.py
[2022/11/09 14:31:41][DEBUG](MJS_SystemPrintOut.py:220) _ŠÖ—^æ”Ô†:533:Š”®‰ïĞ\u3000ƒWƒFƒbƒgƒT[ƒrƒXˆêŠ‡XV—“::ˆêŠ‡Ì×¸Ş_ƒvƒŠƒ“ƒgƒƒCƒ“ˆ—ŠJn log_out d:\PythonScript\RPAScript\RPAFLOWS\MJS_SystemPrintOut\MJS_SystemPrintOut.py
[2022/11/09 14:31:41][DEBUG](MJS_SystemPrintOut.py:220) _ŠÖ—^æ”Ô†:570:—LŒÀ‰ïĞ\u3000Œ´“cƒz[ƒ€ˆêŠ‡XV—“::ˆêŠ‡Ì×¸Ş_ƒvƒŠƒ“ƒgƒƒCƒ“ˆ—ŠJn log_out d:\PythonScript\RPAScript\RPAFLOWS\MJS_SystemPrintOut\MJS_SystemPrintOut.py
[2022/11/09 14:31:41][DEBUG](MJS_SystemPrintOut.py:220) _ŠÖ—^æ”Ô†:571:—LŒÀ‰ïĞ\u3000“¡“c¤“XˆêŠ‡XV—“::ˆêŠ‡Ì×¸Ş_ƒvƒŠƒ“ƒgƒƒCƒ“ˆ—ŠJn log_out d:\PythonScript\RPAScript\RPAFLOWS\MJS_SystemPrintOut\MJS_SystemPrintOut.py
[2022/11/09 14:31:41][DEBUG](MJS_SystemPrintOut.py:220) _ŠÖ—^æ”Ô†:592:‡‹—xêˆêŠ‡XV—“::ˆêŠ‡Ì×¸Ş_ƒvƒŠƒ“ƒgƒƒCƒ“ˆ—ŠJn log_out d:\PythonScript\RPAScript\RPAFLOWS\MJS_SystemPrintOut\MJS_SystemPrintOut.py
[2022/11/09 14:31:41][DEBUG](MJS_SystemPrintOut.py:220) _ŠÖ—^æ”Ô†:608:‡‹ƒ^ƒcƒmH–[ˆêŠ‡XV—“::ˆêŠ‡Ì×¸Ş_ƒvƒŠƒ“ƒgƒƒCƒ“ˆ—ŠJn log_out d:\PythonScript\RPAScript\RPAFLOWS\MJS_SystemPrintOut\MJS_SystemPrintOut.py
[2022/11/09 14:31:41][DEBUG](MJS_SystemPrintOut.py:220) _ŠÖ—^æ”Ô†:640:R–{“dH\u3000‡“¯‰ïĞˆêŠ‡XV—“::ˆêŠ‡Ì×¸Ş_ƒvƒŠƒ“ƒgƒƒCƒ“ˆ—ŠJn log_out d:\PythonScript\RPAScript\RPAFLOWS\MJS_SystemPrintOut\MJS_SystemPrintOut.py
[2022/11/09 14:31:41][DEBUG](MJS_SystemPrintOut.py:220) _ŠÖ—^æ”Ô†:644:torico ‡“¯‰ïĞˆêŠ‡XV—“::ˆêŠ‡Ì×¸Ş_ƒvƒŠƒ“ƒgƒƒCƒ“ˆ—ŠJn log_out d:\PythonScript\RPAScript\RPAFLOWS\MJS_SystemPrintOut\MJS_SystemPrintOut.py
[2022/11/09 14:31:41][DEBUG](MJS_SystemPrintOut.py:220) _ŠÖ—^æ”Ô†:651:‡ŠƒCƒOƒjƒXˆêŠ‡XV—“::ˆêŠ‡Ì×¸Ş_ƒvƒŠƒ“ƒgƒƒCƒ“ˆ—ŠJn log_out d:\PythonScript\RPAScript\RPAFLOWS\MJS_SystemPrintOut\MJS_SystemPrintOut.py
[2022/11/09 14:31:41][DEBUG](MJS_SystemPrintOut.py:220) _ŠÖ—^æ”Ô†:654:‡ŠƒVƒrƒ‹ˆêŠ‡XV—“::ˆêŠ‡Ì×¸Ş_ƒvƒŠƒ“ƒgƒƒCƒ“ˆ—ŠJn log_out d:\PythonScript\RPAScript\RPAFLOWS\MJS_SystemPrintOut\MJS_SystemPrintOut.py
[2022/11/09 14:31:41][DEBUG](MJS_SystemPrintOut.py:220) _ŠÖ—^æ”Ô†:659:Š”®‰ïĞ\u3000ƒgƒbƒvƒZƒLƒ…ƒŠƒeƒB[ˆêŠ‡XV—“::ˆêŠ‡Ì×¸Ş_ƒvƒŠƒ“ƒgƒƒCƒ“ˆ—ŠJn log_out d:\PythonScript\RPAScript\RPAFLOWS\MJS_SystemPrintOut\MJS_SystemPrintOut.py
[2022/11/09 14:31:41][DEBUG](MJS_SystemPrintOut.py:220) _ŠÖ—^æ”Ô†:667:‡‹‚l•‚`ˆêŠ‡XV—“::ˆêŠ‡Ì×¸Ş_ƒvƒŠƒ“ƒgƒƒCƒ“ˆ—ŠJn log_out d:\PythonScript\RPAScript\RPAFLOWS\MJS_SystemPrintOut\MJS_SystemPrintOut.py
[2022/11/09 14:31:41][DEBUG](MJS_SystemPrintOut.py:220) _ŠÖ—^æ”Ô†:718:i‡j‚­‚·‚­‚·ˆêŠ‡XV—“::ˆêŠ‡Ì×¸Ş_ƒvƒŠƒ“ƒgƒƒCƒ“ˆ—ŠJn log_out d:\PythonScript\RPAScript\RPAFLOWS\MJS_SystemPrintOut\MJS_SystemPrintOut.py
[2022/11/09 14:31:41][DEBUG](MJS_SystemPrintOut.py:220) _ŠÖ—^æ”Ô†:744:‰ÁŒv“d‘•\u3000Š”®‰ïĞˆêŠ‡XV—“::ˆêŠ‡Ì×¸Ş_ƒvƒŠƒ“ƒgƒƒCƒ“ˆ—ŠJn log_out d:\PythonScript\RPAScript\RPAFLOWS\MJS_SystemPrintOut\MJS_SystemPrintOut.py
[2022/11/09 14:31:41][DEBUG](MJS_SystemPrintOut.py:220) _ŠÖ—^æ”Ô†:750:RˆêŒš‹@‡ŠˆêŠ‡XV—“::ˆêŠ‡Ì×¸Ş_ƒvƒŠƒ“ƒgƒƒCƒ“ˆ—ŠJn log_out d:\PythonScript\RPAScript\RPAFLOWS\MJS_SystemPrintOut\MJS_SystemPrintOut.py
[2022/11/09 14:31:41][DEBUG](MJS_SystemPrintOut.py:220) _ŠÖ—^æ”Ô†:753:‡Š‚`‚mˆêŠ‡XV—“::ˆêŠ‡Ì×¸Ş_ƒvƒŠƒ“ƒgƒƒCƒ“ˆ—ŠJn log_out d:\PythonScript\RPAScript\RPAFLOWS\MJS_SystemPrintOut\MJS_SystemPrintOut.py
[2022/11/09 14:31:41][DEBUG](MJS_SystemPrintOut.py:220) _ŠÖ—^æ”Ô†:792:‚q‚q\u3000‡“¯‰ïĞˆêŠ‡XV—“::ˆêŠ‡Ì×¸Ş_ƒvƒŠƒ“ƒgƒƒCƒ“ˆ—ŠJn log_out d:\PythonScript\RPAScript\RPAFLOWS\MJS_SystemPrintOut\MJS_SystemPrintOut.py
[2022/11/09 14:31:41][DEBUG](MJS_SystemPrintOut.py:220) _ŠÖ—^æ”Ô†:799:—LŒÀ‰ïĞ\u3000‡“¯ŠCYˆêŠ‡XV—“::ˆêŠ‡Ì×¸Ş_ƒvƒŠƒ“ƒgƒƒCƒ“ˆ—ŠJn log_out d:\PythonScript\RPAScript\RPAFLOWS\MJS_SystemPrintOut\MJS_SystemPrintOut.py
[2022/11/09 14:31:41][DEBUG](MJS_SystemPrintOut.py:220) _ŠÖ—^æ”Ô†:837:—LŒÀ‰ïĞ\u3000ƒ‰EƒZƒbƒeˆêŠ‡XV—“::ˆêŠ‡Ì×¸Ş_ƒvƒŠƒ“ƒgƒƒCƒ“ˆ—ŠJn log_out d:\PythonScript\RPAScript\RPAFLOWS\MJS_SystemPrintOut\MJS_SystemPrintOut.py
[2022/11/09 14:31:41][DEBUG](MJS_SystemPrintOut.py:220) _ŠÖ—^æ”Ô†:847:Š”®‰ïĞ\u3000RŒšˆêŠ‡XV—“::ˆêŠ‡Ì×¸Ş_ƒvƒŠƒ“ƒgƒƒCƒ“ˆ—ŠJn log_out d:\PythonScript\RPAScript\RPAFLOWS\MJS_SystemPrintOut\MJS_SystemPrintOut.py
[2022/11/09 14:31:41][DEBUG](MJS_SystemPrintOut.py:220) _ŠÖ—^æ”Ô†:849:‡ŠƒAƒNƒeƒBƒXˆêŠ‡XV—“::ˆêŠ‡Ì×¸Ş_ƒvƒŠƒ“ƒgƒƒCƒ“ˆ—ŠJn log_out d:\PythonScript\RPAScript\RPAFLOWS\MJS_SystemPrintOut\MJS_SystemPrintOut.py
[2022/11/09 14:31:41][DEBUG](MJS_SystemPrintOut.py:220) _ŠÖ—^æ”Ô†:855:Š”®‰ïĞ\u3000ˆ¤ŒšƒnƒEƒWƒ“ƒOˆêŠ‡XV—“::ˆêŠ‡Ì×¸Ş_ƒvƒŠƒ“ƒgƒƒCƒ“ˆ—ŠJn log_out d:\PythonScript\RPAScript\RPAFLOWS\MJS_SystemPrintOut\MJS_SystemPrintOut.py
[2022/11/09 14:31:41][DEBUG](MJS_SystemPrintOut.py:220) _ŠÖ—^æ”Ô†:858:ˆã—Ã–@lĞ’c\u3000íB‹I‰ïˆêŠ‡XV—“::ˆêŠ‡Ì×¸Ş_ƒvƒŠƒ“ƒgƒƒCƒ“ˆ—ŠJn log_out d:\PythonScript\RPAScript\RPAFLOWS\MJS_SystemPrintOut\MJS_SystemPrintOut.py
[2022/11/09 14:31:41][DEBUG](MJS_SystemPrintOut.py:220) _ŠÖ—^æ”Ô†:872:‡ŠŠó—ƒˆêŠ‡XV—“::ˆêŠ‡Ì×¸Ş_ƒvƒŠƒ“ƒgƒƒCƒ“ˆ—ŠJn log_out d:\PythonScript\RPAScript\RPAFLOWS\MJS_SystemPrintOut\MJS_SystemPrintOut.py
[2022/11/09 14:31:41][DEBUG](MJS_SystemPrintOut.py:220) _ŠÖ—^æ”Ô†:877:Š”®‰ïĞ\u3000’J‘º›ĞHĞˆêŠ‡XV—“::ˆêŠ‡Ì×¸Ş_ƒvƒŠƒ“ƒgƒƒCƒ“ˆ—ŠJn log_out d:\PythonScript\RPAScript\RPAFLOWS\MJS_SystemPrintOut\MJS_SystemPrintOut.py
[2022/11/09 14:31:41][DEBUG](MJS_SystemPrintOut.py:220) _ŠÖ—^æ”Ô†:915:Š”®‰ïĞ\u3000STUCKYˆêŠ‡XV—“::ˆêŠ‡Ì×¸Ş_ƒvƒŠƒ“ƒgƒƒCƒ“ˆ—ŠJn log_out d:\PythonScript\RPAScript\RPAFLOWS\MJS_SystemPrintOut\MJS_SystemPrintOut.py
[2022/11/09 14:31:41][DEBUG](MJS_SystemPrintOut.py:220) _ŠÖ—^æ”Ô†:928:Z’J“à‰ÈEÁ‰»Ší“à‰ÈEƒŠƒnƒrƒŠˆêŠ‡XV—“::ˆêŠ‡Ì×¸Ş_ƒvƒŠƒ“ƒgƒƒCƒ“ˆ—ŠJn log_out d:\PythonScript\RPAScript\RPAFLOWS\MJS_SystemPrintOut\MJS_SystemPrintOut.py
[2022/11/09 14:31:41][DEBUG](MJS_SystemPrintOut.py:220) _ŠÖ—^æ”Ô†:951:‡‹ƒCƒIƒ“ˆêŠ‡XV—“::ˆêŠ‡Ì×¸Ş_ƒvƒŠƒ“ƒgƒƒCƒ“ˆ—ŠJn log_out d:\PythonScript\RPAScript\RPAFLOWS\MJS_SystemPrintOut\MJS_SystemPrintOut.py
[2022/11/09 14:31:41][DEBUG](MJS_SystemPrintOut.py:220) _ŠÖ—^æ”Ô†:956:Š”®‰ïĞ\u3000ƒIƒAƒVƒXˆêŠ‡XV—“::ˆêŠ‡Ì×¸Ş_ƒvƒŠƒ“ƒgƒƒCƒ“ˆ—ŠJn log_out d:\PythonScript\RPAScript\RPAFLOWS\MJS_SystemPrintOut\MJS_SystemPrintOut.py
[2022/11/09 14:31:41][DEBUG](MJS_SystemPrintOut.py:220) _ŠÖ—^æ”Ô†:997:Š”®‰ïĞ\u3000¬•—ˆêŠ‡XV—“::ˆêŠ‡Ì×¸Ş_ƒvƒŠƒ“ƒgƒƒCƒ“ˆ—ŠJn log_out d:\PythonScript\RPAScript\RPAFLOWS\MJS_SystemPrintOut\MJS_SystemPrintOut.py
[2022/11/09 14:31:41][DEBUG](MJS_SystemPrintOut.py:220) _ŠÖ—^æ”Ô†:9479:‚d\‚ƒ‚Œ‚‚•‚„.Š”®‰ïĞˆêŠ‡XV—“::ˆêŠ‡Ì×¸Ş_ƒvƒŠƒ“ƒgƒƒCƒ“ˆ—ŠJn log_out d:\PythonScript\RPAScript\RPAFLOWS\MJS_SystemPrintOut\MJS_SystemPrintOut.py
[2022/11/09 14:31:41][DEBUG](MJS_SystemPrintOut.py:220) _ŠÖ—^æ”Ô†:9599:Š”®‰ïĞ\u3000‚Ğ‚ç‚½ˆêŠ‡XV—“::ˆêŠ‡Ì×¸Ş_ƒvƒŠƒ“ƒgƒƒCƒ“ˆ—ŠJn log_out d:\PythonScript\RPAScript\RPAFLOWS\MJS_SystemPrintOut\MJS_SystemPrintOut.py
[2022/11/09 14:31:41][DEBUG](MJS_SystemPrintOut.py:220) _ŠÖ—^æ”Ô†:9781:i—Lj\u3000ƒgƒ‰ƒ“ƒXƒ|[ƒgƒnƒ}ƒR[ˆêŠ‡XV—“::ˆêŠ‡Ì×¸Ş_ƒvƒŠƒ“ƒgƒƒCƒ“ˆ—ŠJn log_out d:\PythonScript\RPAScript\RPAFLOWS\MJS_SystemPrintOut\MJS_SystemPrintOut.py
[2022/11/09 14:31:41][DEBUG](MJS_SystemPrintOut.py:220) _ŠÖ—^æ”Ô†:9894:‡“¯‰ïĞ\u3000•s“®YŠÇ—ƒ}ƒcƒ€ƒ‰ˆêŠ‡XV—“::ˆêŠ‡Ì×¸Ş_ƒvƒŠƒ“ƒgƒƒCƒ“ˆ—ŠJn log_out d:\PythonScript\RPAScript\RPAFLOWS\MJS_SystemPrintOut\MJS_SystemPrintOut.py
[2022/11/09 14:31:41][DEBUG](MJS_SystemPrintOut.py:220) _ŠÖ—^æ”Ô†:9993:ˆê”Ê\u3000L“‡Œ§”CˆÓ”„‹px‰‡‹¦‰ïˆêŠ‡XV—“::ˆêŠ‡Ì×¸Ş_ƒvƒŠƒ“ƒgƒƒCƒ“ˆ—ŠJn log_out d:\PythonScript\RPAScript\RPAFLOWS\MJS_SystemPrintOut\MJS_SystemPrintOut.py
[2022/11/09 14:31:41][DEBUG](MJS_SystemPrintOut.py:220) _ŠÖ—^æ”Ô†:9996:IOT-connect\u3000Š”®‰ïĞˆêŠ‡XV—“::ˆêŠ‡Ì×¸Ş_ƒvƒŠƒ“ƒgƒƒCƒ“ˆ—ŠJn log_out d:\PythonScript\RPAScript\RPAFLOWS\MJS_SystemPrintOut\MJS_SystemPrintOut.py
[2022/11/09 14:31:41][DEBUG](MJS_SystemPrintOut.py:220) _ExcelƒuƒbƒN“ÇŠJn log_out d:\PythonScript\RPAScript\RPAFLOWS\MJS_SystemPrintOut\MJS_SystemPrintOut.py
[2022/11/09 14:31:42][DEBUG](MJS_SystemPrintOut.py:220) _ExcelƒuƒbƒN“ÇI—¹ log_out d:\PythonScript\RPAScript\RPAFLOWS\MJS_SystemPrintOut\MJS_SystemPrintOut.py
[2022/11/09 14:31:42][DEBUG](MJS_SystemPrintOut.py:220) xlsx‚ğDataFrame‚É log_out d:\PythonScript\RPAScript\RPAFLOWS\MJS_SystemPrintOut\MJS_SystemPrintOut.py
[2022/11/09 14:31:42][DEBUG](MJS_SystemPrintOut.py:220) _ExcelƒV[ƒg“ÇŠJn log_out d:\PythonScript\RPAScript\RPAFLOWS\MJS_SystemPrintOut\MJS_SystemPrintOut.py
[2022/11/09 14:31:43][DEBUG](MJS_SystemPrintOut.py:220) _ExcelƒV[ƒg“ÇŠ®—¹ log_out d:\PythonScript\RPAScript\RPAFLOWS\MJS_SystemPrintOut\MJS_SystemPrintOut.py
[2022/11/09 14:31:43][DEBUG](MJS_SystemPrintOut.py:220) _ŠÖ—^æ”Ô†:31:ƒGƒrƒXEƒR[ƒ_ƒCƒV‡ŠˆêŠ‡XV—“::ˆêŠ‡Ì×¸Ş_ƒvƒŠƒ“ƒgƒƒCƒ“ˆ—ŠJn log_out d:\PythonScript\RPAScript\RPAFLOWS\MJS_SystemPrintOut\MJS_SystemPrintOut.py
[2022/11/09 14:31:43][DEBUG](MJS_SystemPrintOut.py:220) _ŠÖ—^æ”Ô†:55:‡ŠƒTƒ“ƒZ[ƒ‹“¡Œ´ˆêŠ‡XV—“::ˆêŠ‡Ì×¸Ş_ƒvƒŠƒ“ƒgƒƒCƒ“ˆ—ŠJn log_out d:\PythonScript\RPAScript\RPAFLOWS\MJS_SystemPrintOut\MJS_SystemPrintOut.py
[2022/11/09 14:31:43][DEBUG](MJS_SystemPrintOut.py:220) _ŠÖ—^æ”Ô†:60:‡‹ƒtƒ@ƒCƒ“ˆêŠ‡XV—“::ˆêŠ‡Ì×¸Ş_ƒvƒŠƒ“ƒgƒƒCƒ“ˆ—ŠJn log_out d:\PythonScript\RPAScript\RPAFLOWS\MJS_SystemPrintOut\MJS_SystemPrintOut.py
[2022/11/09 14:31:43][DEBUG](MJS_SystemPrintOut.py:220) _ŠÖ—^æ”Ô†:64:‡Š“VŒbƒOƒ‹[ƒvˆêŠ‡XV—“::ˆêŠ‡Ì×¸Ş_ƒvƒŠƒ“ƒgƒƒCƒ“ˆ—ŠJn log_out d:\PythonScript\RPAScript\RPAFLOWS\MJS_SystemPrintOut\MJS_SystemPrintOut.py
[2022/11/09 14:31:43][DEBUG](MJS_SystemPrintOut.py:220) _ŠÖ—^æ”Ô†:65:‡‹–ì•mˆêŠ‡XV—“::ˆêŠ‡Ì×¸Ş_ƒvƒŠƒ“ƒgƒƒCƒ“ˆ—ŠJn log_out d:\PythonScript\RPAScript\RPAFLOWS\MJS_SystemPrintOut\MJS_SystemPrintOut.py
[2022/11/09 14:31:43][DEBUG](MJS_SystemPrintOut.py:220) _ŠÖ—^æ”Ô†:149:Š”®‰ïĞ\u3000ŒÜÎ“dİH‹ÆˆêŠ‡XV—“::ˆêŠ‡Ì×¸Ş_ƒvƒŠƒ“ƒgƒƒCƒ“ˆ—ŠJn log_out d:\PythonScript\RPAScript\RPAFLOWS\MJS_SystemPrintOut\MJS_SystemPrintOut.py
[2022/11/09 14:31:43][DEBUG](MJS_SystemPrintOut.py:220) _ŠÖ—^æ”Ô†:160:‡‹ƒ^ƒiƒJÉqˆêŠ‡XV—“::ˆêŠ‡Ì×¸Ş_ƒvƒŠƒ“ƒgƒƒCƒ“ˆ—ŠJn log_out d:\PythonScript\RPAScript\RPAFLOWS\MJS_SystemPrintOut\MJS_SystemPrintOut.py
[2022/11/09 14:31:43][DEBUG](MJS_SystemPrintOut.py:220) _ŠÖ—^æ”Ô†:163:‡Š’A”n‰®ˆêŠ‡XV—“::ˆêŠ‡Ì×¸Ş_ƒvƒŠƒ“ƒgƒƒCƒ“ˆ—ŠJn log_out d:\PythonScript\RPAScript\RPAFLOWS\MJS_SystemPrintOut\MJS_SystemPrintOut.py
[2022/11/09 14:31:43][DEBUG](MJS_SystemPrintOut.py:220) _ŠÖ—^æ”Ô†:167:‡‹ƒI[ƒfƒB[ƒG[ŠÂ‹«İŒv––±ŠˆêŠ‡XV—“::ˆêŠ‡Ì×¸Ş_ƒvƒŠƒ“ƒgƒƒCƒ“ˆ—ŠJn log_out d:\PythonScript\RPAScript\RPAFLOWS\MJS_SystemPrintOut\MJS_SystemPrintOut.py
[2022/11/09 14:31:43][DEBUG](MJS_SystemPrintOut.py:220) _ŠÖ—^æ”Ô†:169:‡‹ƒC[İŒvºˆêŠ‡XV—“::ˆêŠ‡Ì×¸Ş_ƒvƒŠƒ“ƒgƒƒCƒ“ˆ—ŠJn log_out d:\PythonScript\RPAScript\RPAFLOWS\MJS_SystemPrintOut\MJS_SystemPrintOut.py
[2022/11/09 14:31:43][DEBUG](MJS_SystemPrintOut.py:220) _ŠÖ—^æ”Ô†:187:Š”®‰ïĞ\u3000ƒtƒŒƒAˆêŠ‡XV—“::ˆêŠ‡Ì×¸Ş_ƒvƒŠƒ“ƒgƒƒCƒ“ˆ—ŠJn log_out d:\PythonScript\RPAScript\RPAFLOWS\MJS_SystemPrintOut\MJS_SystemPrintOut.py
[2022/11/09 14:31:43][DEBUG](MJS_SystemPrintOut.py:220) _ŠÖ—^æ”Ô†:196:—LŒÀ‰ïĞ\u3000ƒI[EƒGƒ€EƒGƒXˆêŠ‡XV—“::ˆêŠ‡Ì×¸Ş_ƒvƒŠƒ“ƒgƒƒCƒ“ˆ—ŠJn log_out d:\PythonScript\RPAScript\RPAFLOWS\MJS_SystemPrintOut\MJS_SystemPrintOut.py
[2022/11/09 14:31:43][DEBUG](MJS_SystemPrintOut.py:220) _ŠÖ—^æ”Ô†:198:•ª“cŒšİ‡ŠˆêŠ‡XV—“::ˆêŠ‡Ì×¸Ş_ƒvƒŠƒ“ƒgƒƒCƒ“ˆ—ŠJn log_out d:\PythonScript\RPAScript\RPAFLOWS\MJS_SystemPrintOut\MJS_SystemPrintOut.py
[2022/11/09 14:31:43][DEBUG](MJS_SystemPrintOut.py:220) _ŠÖ—^æ”Ô†:214:Š”®‰ïĞ\u3000‚è‚ñ‚²‚ç‚ñ‚ÇˆêŠ‡XV—“::ˆêŠ‡Ì×¸Ş_ƒvƒŠƒ“ƒgƒƒCƒ“ˆ—ŠJn log_out d:\PythonScript\RPAScript\RPAFLOWS\MJS_SystemPrintOut\MJS_SystemPrintOut.py
[2022/11/09 14:31:43][DEBUG](MJS_SystemPrintOut.py:220) _ŠÖ—^æ”Ô†:217:Š”®‰ïĞ\u3000‚m‚j‹»YˆêŠ‡XV—“::ˆêŠ‡Ì×¸Ş_ƒvƒŠƒ“ƒgƒƒCƒ“ˆ—ŠJn log_out d:\PythonScript\RPAScript\RPAFLOWS\MJS_SystemPrintOut\MJS_SystemPrintOut.py
[2022/11/09 14:31:43][DEBUG](MJS_SystemPrintOut.py:220) _ŠÖ—^æ”Ô†:224:ƒ–ò\u3000Š”®‰ïĞˆêŠ‡XV—“::ˆêŠ‡Ì×¸Ş_ƒvƒŠƒ“ƒgƒƒCƒ“ˆ—ŠJn log_out d:\PythonScript\RPAScript\RPAFLOWS\MJS_SystemPrintOut\MJS_SystemPrintOut.py
[2022/11/09 14:31:43][DEBUG](MJS_SystemPrintOut.py:220) _ŠÖ—^æ”Ô†:239:Š”®‰ïĞ\u3000ƒˆƒVƒJƒˆêŠ‡XV—“::ˆêŠ‡Ì×¸Ş_ƒvƒŠƒ“ƒgƒƒCƒ“ˆ—ŠJn log_out d:\PythonScript\RPAScript\RPAFLOWS\MJS_SystemPrintOut\MJS_SystemPrintOut.py
[2022/11/09 14:31:43][DEBUG](MJS_SystemPrintOut.py:220) _ŠÖ—^æ”Ô†:256:‚s‚d‚b‚Q‚Q\u3000Š”®‰ïĞˆêŠ‡XV—“::ˆêŠ‡Ì×¸Ş_ƒvƒŠƒ“ƒgƒƒCƒ“ˆ—ŠJn log_out d:\PythonScript\RPAScript\RPAFLOWS\MJS_SystemPrintOut\MJS_SystemPrintOut.py
[2022/11/09 14:31:43][DEBUG](MJS_SystemPrintOut.py:220) _ŠÖ—^æ”Ô†:260:ˆã—Ã–@lĞ’c\u3000ŒüˆäŠá‰ÈˆêŠ‡XV—“::ˆêŠ‡Ì×¸Ş_ƒvƒŠƒ“ƒgƒƒCƒ“ˆ—ŠJn log_out d:\PythonScript\RPAScript\RPAFLOWS\MJS_SystemPrintOut\MJS_SystemPrintOut.py
[2022/11/09 14:31:43][DEBUG](MJS_SystemPrintOut.py:220) _ŠÖ—^æ”Ô†:264:‡ŠŒüˆäŒšHˆêŠ‡XV—“::ˆêŠ‡Ì×¸Ş_ƒvƒŠƒ“ƒgƒƒCƒ“ˆ—ŠJn log_out d:\PythonScript\RPAScript\RPAFLOWS\MJS_SystemPrintOut\MJS_SystemPrintOut.py
[2022/11/09 14:31:43][DEBUG](MJS_SystemPrintOut.py:220) _ŠÖ—^æ”Ô†:310:‡‹tˆ¨‹»YˆêŠ‡XV—“::ˆêŠ‡Ì×¸Ş_ƒvƒŠƒ“ƒgƒƒCƒ“ˆ—ŠJn log_out d:\PythonScript\RPAScript\RPAFLOWS\MJS_SystemPrintOut\MJS_SystemPrintOut.py
[2022/11/09 14:31:43][DEBUG](MJS_SystemPrintOut.py:220) _ŠÖ—^æ”Ô†:338:ƒoƒ“ƒOƒ[ƒh\u3000Š”®‰ïĞˆêŠ‡XV—“::ˆêŠ‡Ì×¸Ş_ƒvƒŠƒ“ƒgƒƒCƒ“ˆ—ŠJn log_out d:\PythonScript\RPAScript\RPAFLOWS\MJS_SystemPrintOut\MJS_SystemPrintOut.py
[2022/11/09 14:31:43][DEBUG](MJS_SystemPrintOut.py:220) _ŠÖ—^æ”Ô†:343:‡ŠƒNƒ[ƒo[ˆêŠ‡XV—“::ˆêŠ‡Ì×¸Ş_ƒvƒŠƒ“ƒgƒƒCƒ“ˆ—ŠJn log_out d:\PythonScript\RPAScript\RPAFLOWS\MJS_SystemPrintOut\MJS_SystemPrintOut.py
[2022/11/09 14:31:43][DEBUG](MJS_SystemPrintOut.py:220) _ŠÖ—^æ”Ô†:365:‡‹ƒvƒ‰ƒXƒ‹ˆêŠ‡XV—“::ˆêŠ‡Ì×¸Ş_ƒvƒŠƒ“ƒgƒƒCƒ“ˆ—ŠJn log_out d:\PythonScript\RPAScript\RPAFLOWS\MJS_SystemPrintOut\MJS_SystemPrintOut.py
[2022/11/09 14:31:43][DEBUG](MJS_SystemPrintOut.py:220) _ŠÖ—^æ”Ô†:367:‡Š‘˜aH‹ÆˆêŠ‡XV—“::ˆêŠ‡Ì×¸Ş_ƒvƒŠƒ“ƒgƒƒCƒ“ˆ—ŠJn log_out d:\PythonScript\RPAScript\RPAFLOWS\MJS_SystemPrintOut\MJS_SystemPrintOut.py
[2022/11/09 14:31:43][DEBUG](MJS_SystemPrintOut.py:220) _ŠÖ—^æ”Ô†:423:‡Š‚c‚‚Œ‚ƒ‚‰ˆêŠ‡XV—“::ˆêŠ‡Ì×¸Ş_ƒvƒŠƒ“ƒgƒƒCƒ“ˆ—ŠJn log_out d:\PythonScript\RPAScript\RPAFLOWS\MJS_SystemPrintOut\MJS_SystemPrintOut.py
[2022/11/09 14:31:43][DEBUG](MJS_SystemPrintOut.py:220) _ŠÖ—^æ”Ô†:455:(—L)ƒp[ƒ}ƒbƒNƒhƒ‰ƒCƒZƒ“ƒ^[ˆêŠ‡XV—“::ˆêŠ‡Ì×¸Ş_ƒvƒŠƒ“ƒgƒƒCƒ“ˆ—ŠJn log_out d:\PythonScript\RPAScript\RPAFLOWS\MJS_SystemPrintOut\MJS_SystemPrintOut.py
[2022/11/09 14:31:43][DEBUG](MJS_SystemPrintOut.py:220) _ŠÖ—^æ”Ô†:461:—LŒÀ‰ïĞ\u3000\u3000ƒ^ƒbƒPƒ“ˆêŠ‡XV—“::ˆêŠ‡Ì×¸Ş_ƒvƒŠƒ“ƒgƒƒCƒ“ˆ—ŠJn log_out d:\PythonScript\RPAScript\RPAFLOWS\MJS_SystemPrintOut\MJS_SystemPrintOut.py
[2022/11/09 14:31:43][DEBUG](MJS_SystemPrintOut.py:220) _ŠÖ—^æ”Ô†:468:—LŒÀ‰ïĞ\u3000Ÿ‰hH–±“XˆêŠ‡XV—“::ˆêŠ‡Ì×¸Ş_ƒvƒŠƒ“ƒgƒƒCƒ“ˆ—ŠJn log_out d:\PythonScript\RPAScript\RPAFLOWS\MJS_SystemPrintOut\MJS_SystemPrintOut.py
[2022/11/09 14:31:44][DEBUG](MJS_SystemPrintOut.py:220) _ŠÖ—^æ”Ô†:509:Š”®‰ïĞ\u3000Œ’¯H‹ÆˆêŠ‡XV—“::ˆêŠ‡Ì×¸Ş_ƒvƒŠƒ“ƒgƒƒCƒ“ˆ—ŠJn log_out d:\PythonScript\RPAScript\RPAFLOWS\MJS_SystemPrintOut\MJS_SystemPrintOut.py
[2022/11/09 14:31:44][DEBUG](MJS_SystemPrintOut.py:220) _ŠÖ—^æ”Ô†:512:Š”®‰ïĞ\u3000‚Í‚çŒš‹»ˆêŠ‡XV—“::ˆêŠ‡Ì×¸Ş_ƒvƒŠƒ“ƒgƒƒCƒ“ˆ—ŠJn log_out d:\PythonScript\RPAScript\RPAFLOWS\MJS_SystemPrintOut\MJS_SystemPrintOut.py
[2022/11/09 14:31:44][DEBUG](MJS_SystemPrintOut.py:220) _ŠÖ—^æ”Ô†:562:Š”®‰ïĞ\u3000‚â‚Ü‚ÆˆêŠ‡XV—“::ˆêŠ‡Ì×¸Ş_ƒvƒŠƒ“ƒgƒƒCƒ“ˆ—ŠJn log_out d:\PythonScript\RPAScript\RPAFLOWS\MJS_SystemPrintOut\MJS_SystemPrintOut.py
[2022/11/09 14:31:44][DEBUG](MJS_SystemPrintOut.py:220) _ŠÖ—^æ”Ô†:594:Š”®‰ïĞ\u3000ƒ~ƒVƒˆêŠ‡XV—“::ˆêŠ‡Ì×¸Ş_ƒvƒŠƒ“ƒgƒƒCƒ“ˆ—ŠJn log_out d:\PythonScript\RPAScript\RPAFLOWS\MJS_SystemPrintOut\MJS_SystemPrintOut.py
[2022/11/09 14:31:44][DEBUG](MJS_SystemPrintOut.py:220) _ŠÖ—^æ”Ô†:595:—LŒÀ‰ïĞ\u3000‚¢‚«‚à‚Ì‰®ˆêŠ‡XV—“::ˆêŠ‡Ì×¸Ş_ƒvƒŠƒ“ƒgƒƒCƒ“ˆ—ŠJn log_out d:\PythonScript\RPAScript\RPAFLOWS\MJS_SystemPrintOut\MJS_SystemPrintOut.py
[2022/11/09 14:31:44][DEBUG](MJS_SystemPrintOut.py:220) _ŠÖ—^æ”Ô†:595:—LŒÀ‰ïĞ\u3000‚¢‚«‚à‚Ì‰®–@lÅ\‘–@l–‹ÆŠT‹µà–¾‘_ƒvƒŠƒ“ƒgƒƒCƒ“ˆ—ŠJn log_out d:\PythonScript\RPAScript\RPAFLOWS\MJS_SystemPrintOut\MJS_SystemPrintOut.py
[2022/11/09 14:31:44][DEBUG](MJS_SystemPrintOut.py:220) _ŠÖ—^æ”Ô†:595:—LŒÀ‰ïĞ\u3000‚¢‚«‚à‚Ì‰®–@lÅ\‘–@l–‹ÆŠT‹µà–¾‘_ˆóüˆ—ŠJn log_out d:\PythonScript\RPAScript\RPAFLOWS\MJS_SystemPrintOut\MJS_SystemPrintOut.py
[2022/11/09 14:33:53][DEBUG](MJS_SystemPrintOut.py:220) _ŠÖ—^æ”Ô†:595:—LŒÀ‰ïĞ\u3000‚¢‚«‚à‚Ì‰®–@lÅ\‘–@l–‹ÆŠT‹µà–¾‘_ˆóüˆ—I—¹ log_out d:\PythonScript\RPAScript\RPAFLOWS\MJS_SystemPrintOut\MJS_SystemPrintOut.py
[2022/11/09 14:33:53][DEBUG](PngImagePlugin.py:186) STREAM b'IHDR' 16 13 call d:\PythonScript\RPAScript\py378RPA.env\lib\site-packages\PIL\PngImagePlugin.py
[2022/11/09 14:33:53][DEBUG](PngImagePlugin.py:186) STREAM b'sRGB' 41 1 call d:\PythonScript\RPAScript\py378RPA.env\lib\site-packages\PIL\PngImagePlugin.py
[2022/11/09 14:33:53][DEBUG](PngImagePlugin.py:186) STREAM b'gAMA' 54 4 call d:\PythonScript\RPAScript\py378RPA.env\lib\site-packages\PIL\PngImagePlugin.py
[2022/11/09 14:33:53][DEBUG](PngImagePlugin.py:186) STREAM b'pHYs' 70 9 call d:\PythonScript\RPAScript\py378RPA.env\lib\site-packages\PIL\PngImagePlugin.py
[2022/11/09 14:33:53][DEBUG](PngImagePlugin.py:186) STREAM b'IDAT' 91 30889 call d:\PythonScript\RPAScript\py378RPA.env\lib\site-packages\PIL\PngImagePlugin.py
[2022/11/09 14:33:53][DEBUG](PngImagePlugin.py:186) STREAM b'IHDR' 16 13 call d:\PythonScript\RPAScript\py378RPA.env\lib\site-packages\PIL\PngImagePlugin.py
[2022/11/09 14:33:53][DEBUG](PngImagePlugin.py:186) STREAM b'sRGB' 41 1 call d:\PythonScript\RPAScript\py378RPA.env\lib\site-packages\PIL\PngImagePlugin.py
[2022/11/09 14:33:53][DEBUG](PngImagePlugin.py:186) STREAM b'gAMA' 54 4 call d:\PythonScript\RPAScript\py378RPA.env\lib\site-packages\PIL\PngImagePlugin.py
[2022/11/09 14:33:53][DEBUG](PngImagePlugin.py:186) STREAM b'pHYs' 70 9 call d:\PythonScript\RPAScript\py378RPA.env\lib\site-packages\PIL\PngImagePlugin.py
[2022/11/09 14:33:53][DEBUG](PngImagePlugin.py:186) STREAM b'IDAT' 91 57218 call d:\PythonScript\RPAScript\py378RPA.env\lib\site-packages\PIL\PngImagePlugin.py
[2022/11/09 14:33:53][DEBUG](PngImagePlugin.py:186) STREAM b'IHDR' 16 13 call d:\PythonScript\RPAScript\py378RPA.env\lib\site-packages\PIL\PngImagePlugin.py
[2022/11/09 14:33:53][DEBUG](PngImagePlugin.py:186) STREAM b'sRGB' 41 1 call d:\PythonScript\RPAScript\py378RPA.env\lib\site-packages\PIL\PngImagePlugin.py
[2022/11/09 14:33:53][DEBUG](PngImagePlugin.py:186) STREAM b'gAMA' 54 4 call d:\PythonScript\RPAScript\py378RPA.env\lib\site-packages\PIL\PngImagePlugin.py
[2022/11/09 14:33:53][DEBUG](PngImagePlugin.py:186) STREAM b'pHYs' 70 9 call d:\PythonScript\RPAScript\py378RPA.env\lib\site-packages\PIL\PngImagePlugin.py
[2022/11/09 14:33:53][DEBUG](PngImagePlugin.py:186) STREAM b'IDAT' 91 25052 call d:\PythonScript\RPAScript\py378RPA.env\lib\site-packages\PIL\PngImagePlugin.py
[2022/11/09 14:33:53][DEBUG](PngImagePlugin.py:186) STREAM b'IHDR' 16 13 call d:\PythonScript\RPAScript\py378RPA.env\lib\site-packages\PIL\PngImagePlugin.py
[2022/11/09 14:33:53][DEBUG](PngImagePlugin.py:186) STREAM b'sRGB' 41 1 call d:\PythonScript\RPAScript\py378RPA.env\lib\site-packages\PIL\PngImagePlugin.py
[2022/11/09 14:33:53][DEBUG](PngImagePlugin.py:186) STREAM b'gAMA' 54 4 call d:\PythonScript\RPAScript\py378RPA.env\lib\site-packages\PIL\PngImagePlugin.py
[2022/11/09 14:33:53][DEBUG](PngImagePlugin.py:186) STREAM b'pHYs' 70 9 call d:\PythonScript\RPAScript\py378RPA.env\lib\site-packages\PIL\PngImagePlugin.py
[2022/11/09 14:33:53][DEBUG](PngImagePlugin.py:186) STREAM b'IDAT' 91 54655 call d:\PythonScript\RPAScript\py378RPA.env\lib\site-packages\PIL\PngImagePlugin.py
[2022/11/09 14:33:55][DEBUG](PngImagePlugin.py:186) STREAM b'IHDR' 16 13 call d:\PythonScript\RPAScript\py378RPA.env\lib\site-packages\PIL\PngImagePlugin.py
[2022/11/09 14:33:55][DEBUG](PngImagePlugin.py:186) STREAM b'sRGB' 41 1 call d:\PythonScript\RPAScript\py378RPA.env\lib\site-packages\PIL\PngImagePlugin.py
[2022/11/09 14:33:55][DEBUG](PngImagePlugin.py:186) STREAM b'gAMA' 54 4 call d:\PythonScript\RPAScript\py378RPA.env\lib\site-packages\PIL\PngImagePlugin.py
[2022/11/09 14:33:55][DEBUG](PngImagePlugin.py:186) STREAM b'pHYs' 70 9 call d:\PythonScript\RPAScript\py378RPA.env\lib\site-packages\PIL\PngImagePlugin.py
[2022/11/09 14:33:55][DEBUG](PngImagePlugin.py:186) STREAM b'IDAT' 91 30889 call d:\PythonScript\RPAScript\py378RPA.env\lib\site-packages\PIL\PngImagePlugin.py
[2022/11/09 14:33:55][DEBUG](PngImagePlugin.py:186) STREAM b'IHDR' 16 13 call d:\PythonScript\RPAScript\py378RPA.env\lib\site-packages\PIL\PngImagePlugin.py
[2022/11/09 14:33:55][DEBUG](PngImagePlugin.py:186) STREAM b'sRGB' 41 1 call d:\PythonScript\RPAScript\py378RPA.env\lib\site-packages\PIL\PngImagePlugin.py
[2022/11/09 14:33:55][DEBUG](PngImagePlugin.py:186) STREAM b'gAMA' 54 4 call d:\PythonScript\RPAScript\py378RPA.env\lib\site-packages\PIL\PngImagePlugin.py
[2022/11/09 14:33:55][DEBUG](PngImagePlugin.py:186) STREAM b'pHYs' 70 9 call d:\PythonScript\RPAScript\py378RPA.env\lib\site-packages\PIL\PngImagePlugin.py
[2022/11/09 14:33:55][DEBUG](PngImagePlugin.py:186) STREAM b'IDAT' 91 57218 call d:\PythonScript\RPAScript\py378RPA.env\lib\site-packages\PIL\PngImagePlugin.py
[2022/11/09 14:33:55][DEBUG](PngImagePlugin.py:186) STREAM b'IHDR' 16 13 call d:\PythonScript\RPAScript\py378RPA.env\lib\site-packages\PIL\PngImagePlugin.py
[2022/11/09 14:33:55][DEBUG](PngImagePlugin.py:186) STREAM b'sRGB' 41 1 call d:\PythonScript\RPAScript\py378RPA.env\lib\site-packages\PIL\PngImagePlugin.py
[2022/11/09 14:33:55][DEBUG](PngImagePlugin.py:186) STREAM b'gAMA' 54 4 call d:\PythonScript\RPAScript\py378RPA.env\lib\site-packages\PIL\PngImagePlugin.py
[2022/11/09 14:33:55][DEBUG](PngImagePlugin.py:186) STREAM b'pHYs' 70 9 call d:\PythonScript\RPAScript\py378RPA.env\lib\site-packages\PIL\PngImagePlugin.py
[2022/11/09 14:33:55][DEBUG](PngImagePlugin.py:186) STREAM b'IDAT' 91 25052 call d:\PythonScript\RPAScript\py378RPA.env\lib\site-packages\PIL\PngImagePlugin.py
[2022/11/09 14:33:55][DEBUG](PngImagePlugin.py:186) STREAM b'IHDR' 16 13 call d:\PythonScript\RPAScript\py378RPA.env\lib\site-packages\PIL\PngImagePlugin.py
[2022/11/09 14:33:55][DEBUG](PngImagePlugin.py:186) STREAM b'sRGB' 41 1 call d:\PythonScript\RPAScript\py378RPA.env\lib\site-packages\PIL\PngImagePlugin.py
[2022/11/09 14:33:55][DEBUG](PngImagePlugin.py:186) STREAM b'gAMA' 54 4 call d:\PythonScript\RPAScript\py378RPA.env\lib\site-packages\PIL\PngImagePlugin.py
[2022/11/09 14:33:55][DEBUG](PngImagePlugin.py:186) STREAM b'pHYs' 70 9 call d:\PythonScript\RPAScript\py378RPA.env\lib\site-packages\PIL\PngImagePlugin.py
[2022/11/09 14:33:55][DEBUG](PngImagePlugin.py:186) STREAM b'IDAT' 91 54655 call d:\PythonScript\RPAScript\py378RPA.env\lib\site-packages\PIL\PngImagePlugin.py
[2022/11/09 14:33:55][DEBUG](MJS_SystemPrintOut.py:220) _ŠÖ—^æ”Ô†:595:—LŒÀ‰ïĞ\u3000‚¢‚«‚à‚Ì‰®–@lÅ\‘–@l–‹ÆŠT‹µà–¾‘_ˆóüˆ—Š®—¹ log_out d:\PythonScript\RPAScript\RPAFLOWS\MJS_SystemPrintOut\MJS_SystemPrintOut.py
[2022/11/09 14:34:11][DEBUG](PngImagePlugin.py:186) STREAM b'IHDR' 16 13 call d:\PythonScript\RPAScript\py378RPA.env\lib\site-packages\PIL\PngImagePlugin.py
[2022/11/09 14:34:11][DEBUG](PngImagePlugin.py:186) STREAM b'sRGB' 41 1 call d:\PythonScript\RPAScript\py378RPA.env\lib\site-packages\PIL\PngImagePlugin.py
[2022/11/09 14:34:11][DEBUG](PngImagePlugin.py:186) STREAM b'gAMA' 54 4 call d:\PythonScript\RPAScript\py378RPA.env\lib\site-packages\PIL\PngImagePlugin.py
[2022/11/09 14:34:11][DEBUG](PngImagePlugin.py:186) STREAM b'pHYs' 70 9 call d:\PythonScript\RPAScript\py378RPA.env\lib\site-packages\PIL\PngImagePlugin.py
[2022/11/09 14:34:11][DEBUG](PngImagePlugin.py:186) STREAM b'IDAT' 91 30889 call d:\PythonScript\RPAScript\py378RPA.env\lib\site-packages\PIL\PngImagePlugin.py
[2022/11/09 14:34:11][DEBUG](PngImagePlugin.py:186) STREAM b'IHDR' 16 13 call d:\PythonScript\RPAScript\py378RPA.env\lib\site-packages\PIL\PngImagePlugin.py
[2022/11/09 14:34:11][DEBUG](PngImagePlugin.py:186) STREAM b'sRGB' 41 1 call d:\PythonScript\RPAScript\py378RPA.env\lib\site-packages\PIL\PngImagePlugin.py
[2022/11/09 14:34:11][DEBUG](PngImagePlugin.py:186) STREAM b'gAMA' 54 4 call d:\PythonScript\RPAScript\py378RPA.env\lib\site-packages\PIL\PngImagePlugin.py
[2022/11/09 14:34:11][DEBUG](PngImagePlugin.py:186) STREAM b'pHYs' 70 9 call d:\PythonScript\RPAScript\py378RPA.env\lib\site-packages\PIL\PngImagePlugin.py
[2022/11/09 14:34:11][DEBUG](PngImagePlugin.py:186) STREAM b'IDAT' 91 57218 call d:\PythonScript\RPAScript\py378RPA.env\lib\site-packages\PIL\PngImagePlugin.py
[2022/11/09 14:34:11][DEBUG](PngImagePlugin.py:186) STREAM b'IHDR' 16 13 call d:\PythonScript\RPAScript\py378RPA.env\lib\site-packages\PIL\PngImagePlugin.py
[2022/11/09 14:34:11][DEBUG](PngImagePlugin.py:186) STREAM b'sRGB' 41 1 call d:\PythonScript\RPAScript\py378RPA.env\lib\site-packages\PIL\PngImagePlugin.py
[2022/11/09 14:34:11][DEBUG](PngImagePlugin.py:186) STREAM b'gAMA' 54 4 call d:\PythonScript\RPAScript\py378RPA.env\lib\site-packages\PIL\PngImagePlugin.py
[2022/11/09 14:34:11][DEBUG](PngImagePlugin.py:186) STREAM b'pHYs' 70 9 call d:\PythonScript\RPAScript\py378RPA.env\lib\site-packages\PIL\PngImagePlugin.py
[2022/11/09 14:34:11][DEBUG](PngImagePlugin.py:186) STREAM b'IDAT' 91 25052 call d:\PythonScript\RPAScript\py378RPA.env\lib\site-packages\PIL\PngImagePlugin.py
[2022/11/09 14:34:11][DEBUG](PngImagePlugin.py:186) STREAM b'IHDR' 16 13 call d:\PythonScript\RPAScript\py378RPA.env\lib\site-packages\PIL\PngImagePlugin.py
[2022/11/09 14:34:11][DEBUG](PngImagePlugin.py:186) STREAM b'sRGB' 41 1 call d:\PythonScript\RPAScript\py378RPA.env\lib\site-packages\PIL\PngImagePlugin.py
[2022/11/09 14:34:11][DEBUG](PngImagePlugin.py:186) STREAM b'gAMA' 54 4 call d:\PythonScript\RPAScript\py378RPA.env\lib\site-packages\PIL\PngImagePlugin.py
[2022/11/09 14:34:11][DEBUG](PngImagePlugin.py:186) STREAM b'pHYs' 70 9 call d:\PythonScript\RPAScript\py378RPA.env\lib\site-packages\PIL\PngImagePlugin.py
[2022/11/09 14:34:11][DEBUG](PngImagePlugin.py:186) STREAM b'IDAT' 91 54655 call d:\PythonScript\RPAScript\py378RPA.env\lib\site-packages\PIL\PngImagePlugin.py
[2022/11/09 14:34:13][DEBUG](PngImagePlugin.py:186) STREAM b'IHDR' 16 13 call d:\PythonScript\RPAScript\py378RPA.env\lib\site-packages\PIL\PngImagePlugin.py
[2022/11/09 14:34:13][DEBUG](PngImagePlugin.py:186) STREAM b'sRGB' 41 1 call d:\PythonScript\RPAScript\py378RPA.env\lib\site-packages\PIL\PngImagePlugin.py
[2022/11/09 14:34:13][DEBUG](PngImagePlugin.py:186) STREAM b'gAMA' 54 4 call d:\PythonScript\RPAScript\py378RPA.env\lib\site-packages\PIL\PngImagePlugin.py
[2022/11/09 14:34:13][DEBUG](PngImagePlugin.py:186) STREAM b'pHYs' 70 9 call d:\PythonScript\RPAScript\py378RPA.env\lib\site-packages\PIL\PngImagePlugin.py
[2022/11/09 14:34:13][DEBUG](PngImagePlugin.py:186) STREAM b'IDAT' 91 30889 call d:\PythonScript\RPAScript\py378RPA.env\lib\site-packages\PIL\PngImagePlugin.py
[2022/11/09 14:34:13][DEBUG](PngImagePlugin.py:186) STREAM b'IHDR' 16 13 call d:\PythonScript\RPAScript\py378RPA.env\lib\site-packages\PIL\PngImagePlugin.py
[2022/11/09 14:34:13][DEBUG](PngImagePlugin.py:186) STREAM b'sRGB' 41 1 call d:\PythonScript\RPAScript\py378RPA.env\lib\site-packages\PIL\PngImagePlugin.py
[2022/11/09 14:34:13][DEBUG](PngImagePlugin.py:186) STREAM b'gAMA' 54 4 call d:\PythonScript\RPAScript\py378RPA.env\lib\site-packages\PIL\PngImagePlugin.py
[2022/11/09 14:34:13][DEBUG](PngImagePlugin.py:186) STREAM b'pHYs' 70 9 call d:\PythonScript\RPAScript\py378RPA.env\lib\site-packages\PIL\PngImagePlugin.py
[2022/11/09 14:34:13][DEBUG](PngImagePlugin.py:186) STREAM b'IDAT' 91 57218 call d:\PythonScript\RPAScript\py378RPA.env\lib\site-packages\PIL\PngImagePlugin.py
[2022/11/09 14:34:13][DEBUG](PngImagePlugin.py:186) STREAM b'IHDR' 16 13 call d:\PythonScript\RPAScript\py378RPA.env\lib\site-packages\PIL\PngImagePlugin.py
[2022/11/09 14:34:13][DEBUG](PngImagePlugin.py:186) STREAM b'sRGB' 41 1 call d:\PythonScript\RPAScript\py378RPA.env\lib\site-packages\PIL\PngImagePlugin.py
[2022/11/09 14:34:13][DEBUG](PngImagePlugin.py:186) STREAM b'gAMA' 54 4 call d:\PythonScript\RPAScript\py378RPA.env\lib\site-packages\PIL\PngImagePlugin.py
[2022/11/09 14:34:13][DEBUG](PngImagePlugin.py:186) STREAM b'pHYs' 70 9 call d:\PythonScript\RPAScript\py378RPA.env\lib\site-packages\PIL\PngImagePlugin.py
[2022/11/09 14:34:13][DEBUG](PngImagePlugin.py:186) STREAM b'IDAT' 91 25052 call d:\PythonScript\RPAScript\py378RPA.env\lib\site-packages\PIL\PngImagePlugin.py
[2022/11/09 14:34:13][DEBUG](PngImagePlugin.py:186) STREAM b'IHDR' 16 13 call d:\PythonScript\RPAScript\py378RPA.env\lib\site-packages\PIL\PngImagePlugin.py
[2022/11/09 14:34:13][DEBUG](PngImagePlugin.py:186) STREAM b'sRGB' 41 1 call d:\PythonScript\RPAScript\py378RPA.env\lib\site-packages\PIL\PngImagePlugin.py
[2022/11/09 14:34:13][DEBUG](PngImagePlugin.py:186) STREAM b'gAMA' 54 4 call d:\PythonScript\RPAScript\py378RPA.env\lib\site-packages\PIL\PngImagePlugin.py
[2022/11/09 14:34:13][DEBUG](PngImagePlugin.py:186) STREAM b'pHYs' 70 9 call d:\PythonScript\RPAScript\py378RPA.env\lib\site-packages\PIL\PngImagePlugin.py
[2022/11/09 14:34:13][DEBUG](PngImagePlugin.py:186) STREAM b'IDAT' 91 54655 call d:\PythonScript\RPAScript\py378RPA.env\lib\site-packages\PIL\PngImagePlugin.py
[2022/11/09 14:34:13][DEBUG](MJS_SystemPrintOut.py:220) _ŠÖ—^æ”Ô†:639:Š”®‰ïĞ\u3000‚b‚n‚k‚n‚q‚e‚t‚kˆêŠ‡XV—“::ˆêŠ‡Ì×¸Ş_ƒvƒŠƒ“ƒgƒƒCƒ“ˆ—ŠJn log_out d:\PythonScript\RPAScript\RPAFLOWS\MJS_SystemPrintOut\MJS_SystemPrintOut.py
[2022/11/09 14:34:13][DEBUG](MJS_SystemPrintOut.py:220) _ŠÖ—^æ”Ô†:639:Š”®‰ïĞ\u3000‚b‚n‚k‚n‚q‚e‚t‚k–@lÅ\‘\Åˆê——•\_ƒvƒŠƒ“ƒgƒƒCƒ“ˆ—ŠJn log_out d:\PythonScript\RPAScript\RPAFLOWS\MJS_SystemPrintOut\MJS_SystemPrintOut.py
[2022/11/09 14:34:13][DEBUG](MJS_SystemPrintOut.py:220) _ŠÖ—^æ”Ô†:639:Š”®‰ïĞ\u3000‚b‚n‚k‚n‚q‚e‚t‚k–@lÅ\‘\Åˆê——•\_ˆóüˆ—ŠJn log_out d:\PythonScript\RPAScript\RPAFLOWS\MJS_SystemPrintOut\MJS_SystemPrintOut.py
[2022/11/09 14:35:41][DEBUG](MJS_SystemPrintOut.py:220) _ŠÖ—^æ”Ô†:639:Š”®‰ïĞ\u3000‚b‚n‚k‚n‚q‚e‚t‚k–@lÅ\‘\Åˆê——•\_ˆóüˆ—I—¹ log_out d:\PythonScript\RPAScript\RPAFLOWS\MJS_SystemPrintOut\MJS_SystemPrintOut.py
[2022/11/09 14:35:42][DEBUG](PngImagePlugin.py:186) STREAM b'IHDR' 16 13 call d:\PythonScript\RPAScript\py378RPA.env\lib\site-packages\PIL\PngImagePlugin.py
[2022/11/09 14:35:42][DEBUG](PngImagePlugin.py:186) STREAM b'sRGB' 41 1 call d:\PythonScript\RPAScript\py378RPA.env\lib\site-packages\PIL\PngImagePlugin.py
[2022/11/09 14:35:42][DEBUG](PngImagePlugin.py:186) STREAM b'gAMA' 54 4 call d:\PythonScript\RPAScript\py378RPA.env\lib\site-packages\PIL\PngImagePlugin.py
[2022/11/09 14:35:42][DEBUG](PngImagePlugin.py:186) STREAM b'pHYs' 70 9 call d:\PythonScript\RPAScript\py378RPA.env\lib\site-packages\PIL\PngImagePlugin.py
[2022/11/09 14:35:42][DEBUG](PngImagePlugin.py:186) STREAM b'IDAT' 91 30889 call d:\PythonScript\RPAScript\py378RPA.env\lib\site-packages\PIL\PngImagePlugin.py
[2022/11/09 14:35:42][DEBUG](PngImagePlugin.py:186) STREAM b'IHDR' 16 13 call d:\PythonScript\RPAScript\py378RPA.env\lib\site-packages\PIL\PngImagePlugin.py
[2022/11/09 14:35:42][DEBUG](PngImagePlugin.py:186) STREAM b'sRGB' 41 1 call d:\PythonScript\RPAScript\py378RPA.env\lib\site-packages\PIL\PngImagePlugin.py
[2022/11/09 14:35:42][DEBUG](PngImagePlugin.py:186) STREAM b'gAMA' 54 4 call d:\PythonScript\RPAScript\py378RPA.env\lib\site-packages\PIL\PngImagePlugin.py
[2022/11/09 14:35:42][DEBUG](PngImagePlugin.py:186) STREAM b'pHYs' 70 9 call d:\PythonScript\RPAScript\py378RPA.env\lib\site-packages\PIL\PngImagePlugin.py
[2022/11/09 14:35:42][DEBUG](PngImagePlugin.py:186) STREAM b'IDAT' 91 57218 call d:\PythonScript\RPAScript\py378RPA.env\lib\site-packages\PIL\PngImagePlugin.py
[2022/11/09 14:35:42][DEBUG](PngImagePlugin.py:186) STREAM b'IHDR' 16 13 call d:\PythonScript\RPAScript\py378RPA.env\lib\site-packages\PIL\PngImagePlugin.py
[2022/11/09 14:35:42][DEBUG](PngImagePlugin.py:186) STREAM b'sRGB' 41 1 call d:\PythonScript\RPAScript\py378RPA.env\lib\site-packages\PIL\PngImagePlugin.py
[2022/11/09 14:35:42][DEBUG](PngImagePlugin.py:186) STREAM b'gAMA' 54 4 call d:\PythonScript\RPAScript\py378RPA.env\lib\site-packages\PIL\PngImagePlugin.py
[2022/11/09 14:35:42][DEBUG](PngImagePlugin.py:186) STREAM b'pHYs' 70 9 call d:\PythonScript\RPAScript\py378RPA.env\lib\site-packages\PIL\PngImagePlugin.py
[2022/11/09 14:35:42][DEBUG](PngImagePlugin.py:186) STREAM b'IDAT' 91 25052 call d:\PythonScript\RPAScript\py378RPA.env\lib\site-packages\PIL\PngImagePlugin.py
[2022/11/09 14:35:42][DEBUG](PngImagePlugin.py:186) STREAM b'IHDR' 16 13 call d:\PythonScript\RPAScript\py378RPA.env\lib\site-packages\PIL\PngImagePlugin.py
[2022/11/09 14:35:42][DEBUG](PngImagePlugin.py:186) STREAM b'sRGB' 41 1 call d:\PythonScript\RPAScript\py378RPA.env\lib\site-packages\PIL\PngImagePlugin.py
[2022/11/09 14:35:42][DEBUG](PngImagePlugin.py:186) STREAM b'gAMA' 54 4 call d:\PythonScript\RPAScript\py378RPA.env\lib\site-packages\PIL\PngImagePlugin.py
[2022/11/09 14:35:42][DEBUG](PngImagePlugin.py:186) STREAM b'pHYs' 70 9 call d:\PythonScript\RPAScript\py378RPA.env\lib\site-packages\PIL\PngImagePlugin.py
[2022/11/09 14:35:42][DEBUG](PngImagePlugin.py:186) STREAM b'IDAT' 91 54655 call d:\PythonScript\RPAScript\py378RPA.env\lib\site-packages\PIL\PngImagePlugin.py
[2022/11/09 14:35:44][DEBUG](PngImagePlugin.py:186) STREAM b'IHDR' 16 13 call d:\PythonScript\RPAScript\py378RPA.env\lib\site-packages\PIL\PngImagePlugin.py
[2022/11/09 14:35:44][DEBUG](PngImagePlugin.py:186) STREAM b'sRGB' 41 1 call d:\PythonScript\RPAScript\py378RPA.env\lib\site-packages\PIL\PngImagePlugin.py
[2022/11/09 14:35:44][DEBUG](PngImagePlugin.py:186) STREAM b'gAMA' 54 4 call d:\PythonScript\RPAScript\py378RPA.env\lib\site-packages\PIL\PngImagePlugin.py
[2022/11/09 14:35:44][DEBUG](PngImagePlugin.py:186) STREAM b'pHYs' 70 9 call d:\PythonScript\RPAScript\py378RPA.env\lib\site-packages\PIL\PngImagePlugin.py
[2022/11/09 14:35:44][DEBUG](PngImagePlugin.py:186) STREAM b'IDAT' 91 30889 call d:\PythonScript\RPAScript\py378RPA.env\lib\site-packages\PIL\PngImagePlugin.py
[2022/11/09 14:35:44][DEBUG](PngImagePlugin.py:186) STREAM b'IHDR' 16 13 call d:\PythonScript\RPAScript\py378RPA.env\lib\site-packages\PIL\PngImagePlugin.py
[2022/11/09 14:35:44][DEBUG](PngImagePlugin.py:186) STREAM b'sRGB' 41 1 call d:\PythonScript\RPAScript\py378RPA.env\lib\site-packages\PIL\PngImagePlugin.py
[2022/11/09 14:35:44][DEBUG](PngImagePlugin.py:186) STREAM b'gAMA' 54 4 call d:\PythonScript\RPAScript\py378RPA.env\lib\site-packages\PIL\PngImagePlugin.py
[2022/11/09 14:35:44][DEBUG](PngImagePlugin.py:186) STREAM b'pHYs' 70 9 call d:\PythonScript\RPAScript\py378RPA.env\lib\site-packages\PIL\PngImagePlugin.py
[2022/11/09 14:35:44][DEBUG](PngImagePlugin.py:186) STREAM b'IDAT' 91 57218 call d:\PythonScript\RPAScript\py378RPA.env\lib\site-packages\PIL\PngImagePlugin.py
[2022/11/09 14:35:44][DEBUG](PngImagePlugin.py:186) STREAM b'IHDR' 16 13 call d:\PythonScript\RPAScript\py378RPA.env\lib\site-packages\PIL\PngImagePlugin.py
[2022/11/09 14:35:44][DEBUG](PngImagePlugin.py:186) STREAM b'sRGB' 41 1 call d:\PythonScript\RPAScript\py378RPA.env\lib\site-packages\PIL\PngImagePlugin.py
[2022/11/09 14:35:44][DEBUG](PngImagePlugin.py:186) STREAM b'gAMA' 54 4 call d:\PythonScript\RPAScript\py378RPA.env\lib\site-packages\PIL\PngImagePlugin.py
[2022/11/09 14:35:44][DEBUG](PngImagePlugin.py:186) STREAM b'pHYs' 70 9 call d:\PythonScript\RPAScript\py378RPA.env\lib\site-packages\PIL\PngImagePlugin.py
[2022/11/09 14:35:44][DEBUG](PngImagePlugin.py:186) STREAM b'IDAT' 91 25052 call d:\PythonScript\RPAScript\py378RPA.env\lib\site-packages\PIL\PngImagePlugin.py
[2022/11/09 14:35:44][DEBUG](PngImagePlugin.py:186) STREAM b'IHDR' 16 13 call d:\PythonScript\RPAScript\py378RPA.env\lib\site-packages\PIL\PngImagePlugin.py
[2022/11/09 14:35:44][DEBUG](PngImagePlugin.py:186) STREAM b'sRGB' 41 1 call d:\PythonScript\RPAScript\py378RPA.env\lib\site-packages\PIL\PngImagePlugin.py
[2022/11/09 14:35:44][DEBUG](PngImagePlugin.py:186) STREAM b'gAMA' 54 4 call d:\PythonScript\RPAScript\py378RPA.env\lib\site-packages\PIL\PngImagePlugin.py
[2022/11/09 14:35:44][DEBUG](PngImagePlugin.py:186) STREAM b'pHYs' 70 9 call d:\PythonScript\RPAScript\py378RPA.env\lib\site-packages\PIL\PngImagePlugin.py
[2022/11/09 14:35:44][DEBUG](PngImagePlugin.py:186) STREAM b'IDAT' 91 54655 call d:\PythonScript\RPAScript\py378RPA.env\lib\site-packages\PIL\PngImagePlugin.py
[2022/11/09 14:35:44][DEBUG](MJS_SystemPrintOut.py:220) _ŠÖ—^æ”Ô†:639:Š”®‰ïĞ\u3000‚b‚n‚k‚n‚q‚e‚t‚k–@lÅ\‘\Åˆê——•\_ˆóüˆ—Š®—¹ log_out d:\PythonScript\RPAScript\RPAFLOWS\MJS_SystemPrintOut\MJS_SystemPrintOut.py
[2022/11/09 14:35:44][DEBUG](MJS_SystemPrintOut.py:220) _ŠÖ—^æ”Ô†:639:Š”®‰ïĞ\u3000‚b‚n‚k‚n‚q‚e‚t‚k“dq\“dq\“¯ˆÓ‘_ƒvƒŠƒ“ƒgƒƒCƒ“ˆ—ŠJn log_out d:\PythonScript\RPAScript\RPAFLOWS\MJS_SystemPrintOut\MJS_SystemPrintOut.py
[2022/11/09 14:35:44][DEBUG](MJS_SystemPrintOut.py:220) _ŠÖ—^æ”Ô†:639:Š”®‰ïĞ\u3000‚b‚n‚k‚n‚q‚e‚t‚k“dq\“dq\“¯ˆÓ‘_ˆóüˆ—ŠJn log_out d:\PythonScript\RPAScript\RPAFLOWS\MJS_SystemPrintOut\MJS_SystemPrintOut.py
